<?xml version="1.0" encoding="UTF-8"?>
<robot generator="Robot 6.1.1 (Python 3.10.12 on win32)" generated="20240415 09:25:59.165" rpa="false" schemaversion="4">
<suite id="s1" name="DBtesting" source="d:\Self\VScode\py\robot\day10\DBtesting.robot">
<test id="s1-t1" name="Delete record" line="56">
<kw name="Connect To Database" library="DatabaseLibrary" type="SETUP">
<arg>pymysql</arg>
<arg>${DBname}</arg>
<arg>${DBuser}</arg>
<arg>${DBpass}</arg>
<arg>${DBhost}</arg>
<arg>${DBport}</arg>
<doc>Loads the DB API 2.0 module given ``dbapiModuleName`` then uses it to
connect to the database using provided parameters such as ``dbName``, ``dbUsername``, and ``dbPassword``.</doc>
<msg timestamp="20240415 09:25:59.884" level="INFO">Connecting using : pymysql.connect(db=world, user=root, passwd=***, host=localhost, port=3306, charset=None)</msg>
<status status="PASS" starttime="20240415 09:25:59.738" endtime="20240415 09:25:59.926"/>
</kw>
<kw name="Execute Sql String" library="DatabaseLibrary">
<var>${output}</var>
<arg>delete from student</arg>
<doc>Executes the ``sqlString`` as a single SQL command.</doc>
<msg timestamp="20240415 09:25:59.928" level="INFO">Executing : Execute SQL String  |  delete from student</msg>
<msg timestamp="20240415 09:25:59.935" level="INFO">${output} = None</msg>
<status status="PASS" starttime="20240415 09:25:59.927" endtime="20240415 09:25:59.935"/>
</kw>
<kw name="Log To Console" library="BuiltIn">
<arg>${output}</arg>
<doc>Logs the given message to the console.</doc>
<status status="PASS" starttime="20240415 09:25:59.935" endtime="20240415 09:25:59.935"/>
</kw>
<kw name="Should Be Equal As Strings" library="BuiltIn">
<arg>${output}</arg>
<arg>None</arg>
<doc>Fails if objects are unequal after converting them to strings.</doc>
<msg timestamp="20240415 09:25:59.937" level="INFO">Argument types are:
&lt;class 'NoneType'&gt;
&lt;class 'str'&gt;</msg>
<status status="PASS" starttime="20240415 09:25:59.936" endtime="20240415 09:25:59.937"/>
</kw>
<kw name="Disconnect From Database" library="DatabaseLibrary" type="TEARDOWN">
<doc>Disconnects from the database.</doc>
<msg timestamp="20240415 09:25:59.938" level="INFO">Executing : Disconnect From Database</msg>
<status status="PASS" starttime="20240415 09:25:59.937" endtime="20240415 09:25:59.939"/>
</kw>
<status status="PASS" starttime="20240415 09:25:59.737" endtime="20240415 09:25:59.939"/>
</test>
<status status="PASS" starttime="20240415 09:25:59.174" endtime="20240415 09:25:59.941"/>
</suite>
<statistics>
<total>
<stat pass="1" fail="0" skip="0">All Tests</stat>
</total>
<tag>
</tag>
<suite>
<stat pass="1" fail="0" skip="0" id="s1" name="DBtesting">DBtesting</stat>
</suite>
</statistics>
<errors>
</errors>
</robot>
