<?xml version="1.0" encoding="UTF-8"?>
<robot generator="Robot 6.1.1 (Python 3.10.12 on win32)" generated="20240326 12:11:39.127" rpa="false" schemaversion="4">
<suite id="s1" name="Dropdown" source="d:\Self\VScode\py\robot\day2\dropdown.robot">
<test id="s1-t1" name="Dropdown&amp;listtest" line="10">
<kw name="Open Browser" library="SeleniumLibrary">
<arg>${url}</arg>
<arg>${browser}</arg>
<doc>Opens a new browser instance to the optional ``url``.</doc>
<msg timestamp="20240326 12:11:39.620" level="INFO">Opening browser 'chrome' to base url 'https://fs2.formsite.com/meherpavan/form2/index.html?1537702596407'.</msg>
<status status="PASS" starttime="20240326 12:11:39.619" endtime="20240326 12:11:44.417"/>
</kw>
<kw name="Maximize Browser Window" library="SeleniumLibrary">
<doc>Maximizes current browser window.</doc>
<status status="PASS" starttime="20240326 12:11:44.418" endtime="20240326 12:11:44.542"/>
</kw>
<kw name="Select From List By Index" library="SeleniumLibrary">
<arg>RESULT_RadioButton-9</arg>
<arg>2</arg>
<doc>Selects options from selection list ``locator`` by ``indexes``.</doc>
<msg timestamp="20240326 12:11:44.544" level="INFO">Selecting options from selection list 'RESULT_RadioButton-9' by index 2.</msg>
<status status="PASS" starttime="20240326 12:11:44.543" endtime="20240326 12:11:44.647"/>
</kw>
<status status="PASS" starttime="20240326 12:11:39.618" endtime="20240326 12:11:44.648"/>
</test>
<status status="PASS" starttime="20240326 12:11:39.140" endtime="20240326 12:11:44.650"/>
</suite>
<statistics>
<total>
<stat pass="1" fail="0" skip="0">All Tests</stat>
</total>
<tag>
</tag>
<suite>
<stat pass="1" fail="0" skip="0" id="s1" name="Dropdown">Dropdown</stat>
</suite>
</statistics>
<errors>
</errors>
</robot>
