<?xml version="1.0" encoding="UTF-8"?>
<robot generator="Robot 6.1.1 (Python 3.10.12 on win32)" generated="20240409 09:07:53.060" rpa="false" schemaversion="4">
<suite id="s1" name="LoginTestcase" source="d:\Self\VScode\py\robot\day8\POMmodalproject\Testcase\LoginTestcase.robot">
<test id="s1-t1" name="LoginTest" line="12">
<kw name="Open my browser" library="LoginKeywords">
<arg>${url}</arg>
<arg>${browser}</arg>
<kw name="Open Browser" library="SeleniumLibrary">
<arg>${url}</arg>
<arg>${browser}</arg>
<doc>Opens a new browser instance to the optional ``url``.</doc>
<msg timestamp="20240409 09:07:53.532" level="INFO">Opening browser 'headlesschrome' to base url 'https://opensource-demo.orangehrmlive.com/web/index.php/auth/login'.</msg>
<status status="PASS" starttime="20240409 09:07:53.532" endtime="20240409 09:07:59.702"/>
</kw>
<kw name="Maximize Browser Window" library="SeleniumLibrary">
<doc>Maximizes current browser window.</doc>
<status status="PASS" starttime="20240409 09:07:59.702" endtime="20240409 09:07:59.810"/>
</kw>
<kw name="Set Selenium Speed" library="SeleniumLibrary">
<arg>2</arg>
<doc>Sets the delay that is waited after each Selenium command.</doc>
<status status="PASS" starttime="20240409 09:07:59.810" endtime="20240409 09:07:59.810"/>
</kw>
<status status="PASS" starttime="20240409 09:07:53.531" endtime="20240409 09:07:59.811"/>
</kw>
<kw name="Enter username and password" library="LoginKeywords">
<arg>${username}</arg>
<arg>${password}</arg>
<kw name="Input Text" library="SeleniumLibrary">
<arg>${txt_username}</arg>
<arg>${uname}</arg>
<doc>Types the given ``text`` into the text field identified by ``locator``.</doc>
<msg timestamp="20240409 09:07:59.813" level="INFO">Typing text 'Admin' into text field 'username'.</msg>
<msg timestamp="20240409 09:08:04.052" level="INFO" html="true">&lt;/td&gt;&lt;/tr&gt;&lt;tr&gt;&lt;td colspan="3"&gt;&lt;a href="selenium-screenshot-5.png"&gt;&lt;img src="selenium-screenshot-5.png" width="800px"&gt;&lt;/a&gt;</msg>
<msg timestamp="20240409 09:08:04.052" level="FAIL">Element with locator 'username' not found.</msg>
<status status="FAIL" starttime="20240409 09:07:59.812" endtime="20240409 09:08:04.057"/>
</kw>
<kw name="Input Text" library="SeleniumLibrary">
<arg>${txt_password}</arg>
<arg>${pass}</arg>
<doc>Types the given ``text`` into the text field identified by ``locator``.</doc>
<status status="NOT RUN" starttime="20240409 09:08:04.057" endtime="20240409 09:08:04.058"/>
</kw>
<status status="FAIL" starttime="20240409 09:07:59.811" endtime="20240409 09:08:04.058"/>
</kw>
<kw name="Click login button" library="LoginKeywords">
<status status="NOT RUN" starttime="20240409 09:08:04.059" endtime="20240409 09:08:04.059"/>
</kw>
<kw name="Close my browser" library="LoginKeywords">
<status status="NOT RUN" starttime="20240409 09:08:04.060" endtime="20240409 09:08:04.060"/>
</kw>
<status status="FAIL" starttime="20240409 09:07:53.530" endtime="20240409 09:08:04.061">Element with locator 'username' not found.</status>
</test>
<status status="FAIL" starttime="20240409 09:07:53.070" endtime="20240409 09:08:04.063"/>
</suite>
<statistics>
<total>
<stat pass="0" fail="1" skip="0">All Tests</stat>
</total>
<tag>
</tag>
<suite>
<stat pass="0" fail="1" skip="0" id="s1" name="LoginTestcase">LoginTestcase</stat>
</suite>
</statistics>
<errors>
</errors>
</robot>
