<?xml version="1.0" encoding="UTF-8"?>
<robot generator="Robot 6.1.1 (Python 3.10.12 on win32)" generated="20240404 09:21:48.021" rpa="false" schemaversion="4">
<suite id="s1" name="Pagescroll" source="d:\Self\VScode\py\robot\day6\pagescroll.robot">
<test id="s1-t1" name="ScrollingTest" line="11">
<kw name="Open Browser" library="SeleniumLibrary">
<arg>${url}</arg>
<arg>${browser}</arg>
<doc>Opens a new browser instance to the optional ``url``.</doc>
<msg timestamp="20240404 09:21:48.753" level="INFO">Opening browser 'chrome' to base url 'https://www.worldometers.info/geography/how-many-countries-are-there-in-the-world/'.</msg>
<status status="PASS" starttime="20240404 09:21:48.752" endtime="20240404 09:22:10.784"/>
</kw>
<kw name="Maximize Browser Window" library="SeleniumLibrary">
<doc>Maximizes current browser window.</doc>
<status status="PASS" starttime="20240404 09:22:10.785" endtime="20240404 09:22:10.899"/>
</kw>
<kw name="Execute Javascript" library="SeleniumLibrary">
<arg>window.scrollTo(0,document.body.scrollHeight)</arg>
<doc>Executes the given JavaScript code with possible arguments.</doc>
<msg timestamp="20240404 09:22:10.900" level="INFO">Executing JavaScript:
window.scrollTo(0,document.body.scrollHeight)
Without any arguments.</msg>
<status status="PASS" starttime="20240404 09:22:10.900" endtime="20240404 09:22:10.918"/>
</kw>
<status status="PASS" starttime="20240404 09:21:48.751" endtime="20240404 09:22:10.919"/>
</test>
<status status="PASS" starttime="20240404 09:21:48.037" endtime="20240404 09:22:10.921"/>
</suite>
<statistics>
<total>
<stat pass="1" fail="0" skip="0">All Tests</stat>
</total>
<tag>
</tag>
<suite>
<stat pass="1" fail="0" skip="0" id="s1" name="Pagescroll">Pagescroll</stat>
</suite>
</statistics>
<errors>
</errors>
</robot>
