<?xml version="1.0" encoding="UTF-8"?>
<robot generator="Robot 7.0 (Python 3.12.2 on win32)" generated="2024-03-25T09:15:19.182917" rpa="false" schemaversion="5">
<suite id="s1" name="Py" source="D:\Self\VScode\py">
<suite id="s1-s1" name="Robot" source="D:\Self\VScode\py\Robot">
<suite id="s1-s1-s1" name="Day1" source="D:\Self\VScode\py\Robot\day1">
<suite id="s1-s1-s1-s1" name="Testcases" source="D:\Self\VScode\py\Robot\day1\Testcases">
<suite id="s1-s1-s1-s1-s1" name="TC1" source="D:\Self\VScode\py\Robot\day1\Testcases\TC1.robot">
<test id="s1-s1-s1-s1-s1-t1" name="Logintest" line="4">
<kw name="Open Browser" owner="SeleniumLibrary">
<msg time="2024-03-25T09:15:19.428220" level="INFO">Opening browser 'chrome' to base url 'https://demo.nopcommerce.com/login?returnUrl=%2F'.</msg>
<arg>https://demo.nopcommerce.com/login?returnUrl=%2F</arg>
<arg>chrome</arg>
<doc>Opens a new browser instance to the optional ``url``.</doc>
<status status="PASS" start="2024-03-25T09:15:19.427221" elapsed="4.342865"/>
</kw>
<status status="PASS" start="2024-03-25T09:15:19.426250" elapsed="4.344845"/>
</test>
<status status="PASS" start="2024-03-25T09:15:19.218823" elapsed="4.554254"/>
</suite>
<status status="PASS" start="2024-03-25T09:15:19.215829" elapsed="4.563232"/>
</suite>
<status status="PASS" start="2024-03-25T09:15:19.213836" elapsed="4.570211"/>
</suite>
<status status="PASS" start="2024-03-25T09:15:19.210843" elapsed="4.575200"/>
</suite>
<status status="PASS" start="2024-03-25T09:15:19.187905" elapsed="4.600132"/>
</suite>
<statistics>
<total>
<stat pass="1" fail="0" skip="0">All Tests</stat>
</total>
<tag>
</tag>
<suite>
<stat pass="1" fail="0" skip="0" id="s1" name="Py">Py</stat>
<stat pass="1" fail="0" skip="0" id="s1-s1" name="Robot">Py.Robot</stat>
<stat pass="1" fail="0" skip="0" id="s1-s1-s1" name="Day1">Py.Robot.Day1</stat>
<stat pass="1" fail="0" skip="0" id="s1-s1-s1-s1" name="Testcases">Py.Robot.Day1.Testcases</stat>
<stat pass="1" fail="0" skip="0" id="s1-s1-s1-s1-s1" name="TC1">Py.Robot.Day1.Testcases.TC1</stat>
</suite>
</statistics>
<errors>
</errors>
</robot>
